<?xml version="1.0" encoding="UTF-8"?>
<testng-results skipped="0" failed="0" ignored="0" total="1" passed="1">
  <reporter-output>
  </reporter-output>
  <suite name="Default suite" duration-ms="485" started-at="2018-03-08T17:45:56Z" finished-at="2018-03-08T17:45:57Z">
    <groups>
    </groups>
    <test name="Default test" duration-ms="485" started-at="2018-03-08T17:45:56Z" finished-at="2018-03-08T17:45:57Z">
      <class name="base.TestBase">
        <test-method status="PASS" signature="setUp()[pri:0, instance:base.TestBase@27efef64]" name="setUp" is-config="true" duration-ms="5144" started-at="2018-03-08T12:45:51Z" finished-at="2018-03-08T12:45:56Z">
          <reporter-output>
          </reporter-output>
        </test-method> <!-- setUp -->
        <test-method status="PASS" signature="sampleTest()[pri:0, instance:base.TestBase@27efef64]" name="sampleTest" duration-ms="463" started-at="2018-03-08T12:45:56Z" finished-at="2018-03-08T12:45:57Z">
          <reporter-output>
          </reporter-output>
        </test-method> <!-- sampleTest -->
        <test-method status="PASS" signature="tearDown()[pri:0, instance:base.TestBase@27efef64]" name="tearDown" is-config="true" duration-ms="169" started-at="2018-03-08T12:46:02Z" finished-at="2018-03-08T12:46:02Z">
          <reporter-output>
          </reporter-output>
        </test-method> <!-- tearDown -->
      </class> <!-- base.TestBase -->
    </test> <!-- Default test -->
  </suite> <!-- Default suite -->
</testng-results>
